{"C:\\Users\\REGINALDO\\Desktop\\A.I-KIDS-LABS-NOVA-VERS-0\\frontend\\src\\App.tsx": {"path":"C:\\Users\\REGINALDO\\Desktop\\A.I-KIDS-LABS-NOVA-VERS-0\\frontend\\src\\App.tsx","statementMap":{"0":{"start":{"line":13,"column":0},"end":{"line":13,"column":null}},"1":{"start":{"line":15,"column":12},"end":{"line":150,"column":null}},"2":{"start":{"line":16,"column":22},"end":{"line":16,"column":null}},"3":{"start":{"line":17,"column":44},"end":{"line":17,"column":null}},"4":{"start":{"line":18,"column":28},"end":{"line":18,"column":null}},"5":{"start":{"line":19,"column":34},"end":{"line":19,"column":null}},"6":{"start":{"line":20,"column":28},"end":{"line":20,"column":null}},"7":{"start":{"line":23,"column":2},"end":{"line":31,"column":null}},"8":{"start":{"line":24,"column":23},"end":{"line":24,"column":null}},"9":{"start":{"line":25,"column":18},"end":{"line":25,"column":null}},"10":{"start":{"line":26,"column":4},"end":{"line":30,"column":null}},"11":{"start":{"line":27,"column":6},"end":{"line":27,"column":null}},"12":{"start":{"line":29,"column":8},"end":{"line":29,"column":null}},"13":{"start":{"line":34,"column":2},"end":{"line":76,"column":null}},"14":{"start":{"line":35,"column":22},"end":{"line":73,"column":null}},"15":{"start":{"line":36,"column":6},"end":{"line":38,"column":null}},"16":{"start":{"line":37,"column":10},"end":{"line":37,"column":null}},"17":{"start":{"line":40,"column":6},"end":{"line":72,"column":null}},"18":{"start":{"line":41,"column":25},"end":{"line":41,"column":null}},"19":{"start":{"line":42,"column":8},"end":{"line":67,"column":null}},"20":{"start":{"line":43,"column":50},"end":{"line":48,"column":null}},"21":{"start":{"line":43,"column":81},"end":{"line":48,"column":12}},"22":{"start":{"line":50,"column":10},"end":{"line":50,"column":null}},"23":{"start":{"line":52,"column":32},"end":{"line":52,"column":null}},"24":{"start":{"line":52,"column":75},"end":{"line":52,"column":85}},"25":{"start":{"line":53,"column":45},"end":{"line":62,"column":null}},"26":{"start":{"line":53,"column":80},"end":{"line":62,"column":12}},"27":{"start":{"line":64,"column":10},"end":{"line":66,"column":null}},"28":{"start":{"line":69,"column":8},"end":{"line":69,"column":null}},"29":{"start":{"line":71,"column":8},"end":{"line":71,"column":null}},"30":{"start":{"line":75,"column":4},"end":{"line":75,"column":null}},"31":{"start":{"line":78,"column":21},"end":{"line":80,"column":null}},"32":{"start":{"line":79,"column":4},"end":{"line":79,"column":null}},"33":{"start":{"line":82,"column":22},"end":{"line":85,"column":null}},"34":{"start":{"line":83,"column":6},"end":{"line":83,"column":null}},"35":{"start":{"line":84,"column":6},"end":{"line":84,"column":null}},"36":{"start":{"line":87,"column":2},"end":{"line":89,"column":null}},"37":{"start":{"line":88,"column":6},"end":{"line":88,"column":null}},"38":{"start":{"line":91,"column":2},"end":{"line":93,"column":null}},"39":{"start":{"line":92,"column":6},"end":{"line":92,"column":null}},"40":{"start":{"line":96,"column":25},"end":{"line":98,"column":null}},"41":{"start":{"line":100,"column":2},"end":{"line":148,"column":null}},"42":{"start":{"line":112,"column":10},"end":{"line":120,"column":null}},"43":{"start":{"line":115,"column":38},"end":{"line":115,"column":null}},"44":{"start":{"line":115,"column":61},"end":{"line":115,"column":85}},"45":{"start":{"line":116,"column":16},"end":{"line":116,"column":null}},"46":{"start":{"line":116,"column":48},"end":{"line":116,"column":null}},"47":{"start":{"line":117,"column":16},"end":{"line":117,"column":null}},"48":{"start":{"line":127,"column":31},"end":{"line":127,"column":null}}},"fnMap":{"0":{"name":"(anonymous_0)","decl":{"start":{"line":15,"column":12},"end":{"line":15,"column":18}},"loc":{"start":{"line":15,"column":18},"end":{"line":150,"column":null}},"line":15},"1":{"name":"(anonymous_1)","decl":{"start":{"line":23,"column":12},"end":{"line":23,"column":18}},"loc":{"start":{"line":23,"column":18},"end":{"line":31,"column":5}},"line":23},"2":{"name":"(anonymous_2)","decl":{"start":{"line":34,"column":12},"end":{"line":34,"column":18}},"loc":{"start":{"line":34,"column":18},"end":{"line":76,"column":5}},"line":34},"3":{"name":"(anonymous_3)","decl":{"start":{"line":35,"column":22},"end":{"line":35,"column":34}},"loc":{"start":{"line":35,"column":34},"end":{"line":73,"column":null}},"line":35},"4":{"name":"(anonymous_4)","decl":{"start":{"line":43,"column":68},"end":{"line":43,"column":69}},"loc":{"start":{"line":43,"column":81},"end":{"line":48,"column":12}},"line":43},"5":{"name":"(anonymous_5)","decl":{"start":{"line":52,"column":70},"end":{"line":52,"column":75}},"loc":{"start":{"line":52,"column":75},"end":{"line":52,"column":85}},"line":52},"6":{"name":"(anonymous_6)","decl":{"start":{"line":53,"column":63},"end":{"line":53,"column":64}},"loc":{"start":{"line":53,"column":80},"end":{"line":62,"column":12}},"line":53},"7":{"name":"(anonymous_7)","decl":{"start":{"line":78,"column":21},"end":{"line":78,"column":22}},"loc":{"start":{"line":78,"column":48},"end":{"line":80,"column":null}},"line":78},"8":{"name":"(anonymous_8)","decl":{"start":{"line":82,"column":22},"end":{"line":82,"column":23}},"loc":{"start":{"line":82,"column":41},"end":{"line":85,"column":null}},"line":82},"9":{"name":"(anonymous_9)","decl":{"start":{"line":111,"column":44},"end":{"line":111,"column":45}},"loc":{"start":{"line":112,"column":10},"end":{"line":120,"column":null}},"line":112},"10":{"name":"(anonymous_10)","decl":{"start":{"line":114,"column":30},"end":{"line":114,"column":40}},"loc":{"start":{"line":114,"column":40},"end":{"line":118,"column":15}},"line":114},"11":{"name":"(anonymous_11)","decl":{"start":{"line":115,"column":56},"end":{"line":115,"column":61}},"loc":{"start":{"line":115,"column":61},"end":{"line":115,"column":85}},"line":115},"12":{"name":"(anonymous_12)","decl":{"start":{"line":127,"column":25},"end":{"line":127,"column":31}},"loc":{"start":{"line":127,"column":31},"end":{"line":127,"column":null}},"line":127},"13":{"name":"(anonymous_13)","decl":{"start":{"line":137,"column":38},"end":{"line":137,"column":44}},"loc":{"start":{"line":137,"column":44},"end":{"line":137,"column":null}},"line":137},"14":{"name":"(anonymous_14)","decl":{"start":{"line":138,"column":37},"end":{"line":138,"column":43}},"loc":{"start":{"line":138,"column":43},"end":{"line":138,"column":null}},"line":138}},"branchMap":{"0":{"loc":{"start":{"line":26,"column":4},"end":{"line":30,"column":null}},"type":"if","locations":[{"start":{"line":26,"column":4},"end":{"line":30,"column":null}},{"start":{"line":28,"column":11},"end":{"line":30,"column":null}}],"line":26},"1":{"loc":{"start":{"line":26,"column":8},"end":{"line":26,"column":29}},"type":"binary-expr","locations":[{"start":{"line":26,"column":8},"end":{"line":26,"column":22}},{"start":{"line":26,"column":22},"end":{"line":26,"column":29}}],"line":26},"2":{"loc":{"start":{"line":36,"column":6},"end":{"line":38,"column":null}},"type":"if","locations":[{"start":{"line":36,"column":6},"end":{"line":38,"column":null}},{"start":{},"end":{}}],"line":36},"3":{"loc":{"start":{"line":42,"column":8},"end":{"line":67,"column":null}},"type":"if","locations":[{"start":{"line":42,"column":8},"end":{"line":67,"column":null}},{"start":{},"end":{}}],"line":42},"4":{"loc":{"start":{"line":42,"column":12},"end":{"line":42,"column":47}},"type":"binary-expr","locations":[{"start":{"line":42,"column":12},"end":{"line":42,"column":32}},{"start":{"line":42,"column":32},"end":{"line":42,"column":47}}],"line":42},"5":{"loc":{"start":{"line":45,"column":23},"end":{"line":45,"column":null}},"type":"binary-expr","locations":[{"start":{"line":45,"column":23},"end":{"line":45,"column":45}},{"start":{"line":45,"column":45},"end":{"line":45,"column":null}}],"line":45},"6":{"loc":{"start":{"line":47,"column":23},"end":{"line":47,"column":null}},"type":"binary-expr","locations":[{"start":{"line":47,"column":23},"end":{"line":47,"column":37}},{"start":{"line":47,"column":37},"end":{"line":47,"column":null}}],"line":47},"7":{"loc":{"start":{"line":64,"column":21},"end":{"line":66,"column":11}},"type":"cond-expr","locations":[{"start":{"line":64,"column":51},"end":{"line":64,"column":70}},{"start":{"line":64,"column":70},"end":{"line":66,"column":11}}],"line":64},"8":{"loc":{"start":{"line":87,"column":2},"end":{"line":89,"column":null}},"type":"if","locations":[{"start":{"line":87,"column":2},"end":{"line":89,"column":null}},{"start":{},"end":{}}],"line":87},"9":{"loc":{"start":{"line":91,"column":2},"end":{"line":93,"column":null}},"type":"if","locations":[{"start":{"line":91,"column":2},"end":{"line":93,"column":null}},{"start":{},"end":{}}],"line":91},"10":{"loc":{"start":{"line":91,"column":6},"end":{"line":91,"column":42}},"type":"binary-expr","locations":[{"start":{"line":91,"column":6},"end":{"line":91,"column":17}},{"start":{"line":91,"column":17},"end":{"line":91,"column":42}}],"line":91},"11":{"loc":{"start":{"line":116,"column":16},"end":{"line":116,"column":null}},"type":"if","locations":[{"start":{"line":116,"column":16},"end":{"line":116,"column":null}},{"start":{},"end":{}}],"line":116},"12":{"loc":{"start":{"line":124,"column":7},"end":{"line":146,"column":null}},"type":"binary-expr","locations":[{"start":{"line":124,"column":7},"end":{"line":124,"column":null}},{"start":{"line":125,"column":8},"end":{"line":146,"column":null}}],"line":124}},"s":{"0":1,"1":1,"2":10,"3":10,"4":10,"5":10,"6":10,"7":10,"8":3,"9":3,"10":3,"11":1,"12":2,"13":10,"14":5,"15":5,"16":3,"17":2,"18":2,"19":2,"20":2,"21":1,"22":2,"23":2,"24":1,"25":2,"26":1,"27":2,"28":0,"29":2,"30":5,"31":10,"32":0,"33":10,"34":1,"35":1,"36":10,"37":5,"38":4,"39":2,"40":2,"41":2,"42":2,"43":2,"44":1,"45":2,"46":1,"47":1,"48":0},"f":{"0":10,"1":3,"2":5,"3":5,"4":1,"5":1,"6":1,"7":0,"8":1,"9":2,"10":2,"11":1,"12":0,"13":0,"14":0},"b":{"0":[1,2],"1":[3,1],"2":[3,2],"3":[2,0],"4":[2,2],"5":[1,1],"6":[1,0],"7":[1,1],"8":[5,5],"9":[2,2],"10":[4,2],"11":[1,1],"12":[2,0]},"meta":{"lastBranch":13,"lastFunction":15,"lastStatement":49,"seen":{"s:13:0:13:Infinity":0,"s:15:12:150:Infinity":1,"f:15:12:15:18":0,"s:16:22:16:Infinity":2,"s:17:44:17:Infinity":3,"s:18:28:18:Infinity":4,"s:19:34:19:Infinity":5,"s:20:28:20:Infinity":6,"s:23:2:31:Infinity":7,"f:23:12:23:18":1,"s:24:23:24:Infinity":8,"s:25:18:25:Infinity":9,"b:26:4:30:Infinity:28:11:30:Infinity":0,"s:26:4:30:Infinity":10,"b:26:8:26:22:26:22:26:29":1,"s:27:6:27:Infinity":11,"s:29:8:29:Infinity":12,"s:34:2:76:Infinity":13,"f:34:12:34:18":2,"s:35:22:73:Infinity":14,"f:35:22:35:34":3,"b:36:6:38:Infinity:undefined:undefined:undefined:undefined":2,"s:36:6:38:Infinity":15,"s:37:10:37:Infinity":16,"s:40:6:72:Infinity":17,"s:41:25:41:Infinity":18,"b:42:8:67:Infinity:undefined:undefined:undefined:undefined":3,"s:42:8:67:Infinity":19,"b:42:12:42:32:42:32:42:47":4,"s:43:50:48:Infinity":20,"f:43:68:43:69":4,"s:43:81:48:12":21,"b:45:23:45:45:45:45:45:Infinity":5,"b:47:23:47:37:47:37:47:Infinity":6,"s:50:10:50:Infinity":22,"s:52:32:52:Infinity":23,"f:52:70:52:75":5,"s:52:75:52:85":24,"s:53:45:62:Infinity":25,"f:53:63:53:64":6,"s:53:80:62:12":26,"s:64:10:66:Infinity":27,"b:64:51:64:70:64:70:66:11":7,"s:69:8:69:Infinity":28,"s:71:8:71:Infinity":29,"s:75:4:75:Infinity":30,"s:78:21:80:Infinity":31,"f:78:21:78:22":7,"s:79:4:79:Infinity":32,"s:82:22:85:Infinity":33,"f:82:22:82:23":8,"s:83:6:83:Infinity":34,"s:84:6:84:Infinity":35,"b:87:2:89:Infinity:undefined:undefined:undefined:undefined":8,"s:87:2:89:Infinity":36,"s:88:6:88:Infinity":37,"b:91:2:93:Infinity:undefined:undefined:undefined:undefined":9,"s:91:2:93:Infinity":38,"b:91:6:91:17:91:17:91:42":10,"s:92:6:92:Infinity":39,"s:96:25:98:Infinity":40,"s:100:2:148:Infinity":41,"f:111:44:111:45":9,"s:112:10:120:Infinity":42,"f:114:30:114:40":10,"s:115:38:115:Infinity":43,"f:115:56:115:61":11,"s:115:61:115:85":44,"b:116:16:116:Infinity:undefined:undefined:undefined:undefined":11,"s:116:16:116:Infinity":45,"s:116:48:116:Infinity":46,"s:117:16:117:Infinity":47,"b:124:7:124:Infinity:125:8:146:Infinity":12,"f:127:25:127:31":12,"s:127:31:127:Infinity":48,"f:137:38:137:44":13,"f:138:37:138:43":14}}}
,"C:\\Users\\REGINALDO\\Desktop\\A.I-KIDS-LABS-NOVA-VERS-0\\frontend\\src\\neon-styles.css": {"path":"C:\\Users\\REGINALDO\\Desktop\\A.I-KIDS-LABS-NOVA-VERS-0\\frontend\\src\\neon-styles.css","statementMap":{},"fnMap":{},"branchMap":{},"s":{},"f":{},"b":{},"meta":{"lastBranch":0,"lastFunction":0,"lastStatement":0,"seen":{}}}
}
