{"C:\\Users\\REGINALDO\\Desktop\\A.I-KIDS-LABS-NOVA-VERS-0\\frontend\\src\\App.tsx": {"path":"C:\\Users\\REGINALDO\\Desktop\\A.I-KIDS-LABS-NOVA-VERS-0\\frontend\\src\\App.tsx","statementMap":{"0":{"start":{"line":13,"column":0},"end":{"line":13,"column":null}},"1":{"start":{"line":15,"column":12},"end":{"line":152,"column":null}},"2":{"start":{"line":16,"column":22},"end":{"line":16,"column":null}},"3":{"start":{"line":17,"column":44},"end":{"line":17,"column":null}},"4":{"start":{"line":18,"column":28},"end":{"line":18,"column":null}},"5":{"start":{"line":19,"column":34},"end":{"line":19,"column":null}},"6":{"start":{"line":20,"column":28},"end":{"line":20,"column":null}},"7":{"start":{"line":23,"column":2},"end":{"line":31,"column":null}},"8":{"start":{"line":24,"column":23},"end":{"line":24,"column":null}},"9":{"start":{"line":25,"column":18},"end":{"line":25,"column":null}},"10":{"start":{"line":26,"column":4},"end":{"line":30,"column":null}},"11":{"start":{"line":27,"column":6},"end":{"line":27,"column":null}},"12":{"start":{"line":29,"column":8},"end":{"line":29,"column":null}},"13":{"start":{"line":34,"column":2},"end":{"line":77,"column":null}},"14":{"start":{"line":35,"column":22},"end":{"line":74,"column":null}},"15":{"start":{"line":36,"column":6},"end":{"line":38,"column":null}},"16":{"start":{"line":37,"column":10},"end":{"line":37,"column":null}},"17":{"start":{"line":40,"column":6},"end":{"line":73,"column":null}},"18":{"start":{"line":41,"column":25},"end":{"line":41,"column":null}},"19":{"start":{"line":42,"column":8},"end":{"line":68,"column":null}},"20":{"start":{"line":44,"column":50},"end":{"line":49,"column":null}},"21":{"start":{"line":44,"column":81},"end":{"line":49,"column":12}},"22":{"start":{"line":51,"column":10},"end":{"line":51,"column":null}},"23":{"start":{"line":53,"column":32},"end":{"line":53,"column":null}},"24":{"start":{"line":53,"column":75},"end":{"line":53,"column":85}},"25":{"start":{"line":54,"column":45},"end":{"line":63,"column":null}},"26":{"start":{"line":54,"column":80},"end":{"line":63,"column":12}},"27":{"start":{"line":65,"column":10},"end":{"line":67,"column":null}},"28":{"start":{"line":70,"column":8},"end":{"line":70,"column":null}},"29":{"start":{"line":72,"column":8},"end":{"line":72,"column":null}},"30":{"start":{"line":76,"column":4},"end":{"line":76,"column":null}},"31":{"start":{"line":79,"column":21},"end":{"line":81,"column":null}},"32":{"start":{"line":80,"column":4},"end":{"line":80,"column":null}},"33":{"start":{"line":84,"column":22},"end":{"line":87,"column":null}},"34":{"start":{"line":85,"column":6},"end":{"line":85,"column":null}},"35":{"start":{"line":86,"column":6},"end":{"line":86,"column":null}},"36":{"start":{"line":89,"column":2},"end":{"line":91,"column":null}},"37":{"start":{"line":90,"column":6},"end":{"line":90,"column":null}},"38":{"start":{"line":93,"column":2},"end":{"line":95,"column":null}},"39":{"start":{"line":94,"column":6},"end":{"line":94,"column":null}},"40":{"start":{"line":98,"column":25},"end":{"line":100,"column":null}},"41":{"start":{"line":102,"column":2},"end":{"line":150,"column":null}},"42":{"start":{"line":114,"column":10},"end":{"line":122,"column":null}},"43":{"start":{"line":117,"column":38},"end":{"line":117,"column":null}},"44":{"start":{"line":117,"column":61},"end":{"line":117,"column":85}},"45":{"start":{"line":118,"column":16},"end":{"line":118,"column":null}},"46":{"start":{"line":118,"column":48},"end":{"line":118,"column":null}},"47":{"start":{"line":119,"column":16},"end":{"line":119,"column":null}},"48":{"start":{"line":129,"column":31},"end":{"line":129,"column":null}}},"fnMap":{"0":{"name":"(anonymous_0)","decl":{"start":{"line":15,"column":12},"end":{"line":15,"column":18}},"loc":{"start":{"line":15,"column":18},"end":{"line":152,"column":null}},"line":15},"1":{"name":"(anonymous_1)","decl":{"start":{"line":23,"column":12},"end":{"line":23,"column":18}},"loc":{"start":{"line":23,"column":18},"end":{"line":31,"column":5}},"line":23},"2":{"name":"(anonymous_2)","decl":{"start":{"line":34,"column":12},"end":{"line":34,"column":18}},"loc":{"start":{"line":34,"column":18},"end":{"line":77,"column":5}},"line":34},"3":{"name":"(anonymous_3)","decl":{"start":{"line":35,"column":22},"end":{"line":35,"column":34}},"loc":{"start":{"line":35,"column":34},"end":{"line":74,"column":null}},"line":35},"4":{"name":"(anonymous_4)","decl":{"start":{"line":44,"column":68},"end":{"line":44,"column":69}},"loc":{"start":{"line":44,"column":81},"end":{"line":49,"column":12}},"line":44},"5":{"name":"(anonymous_5)","decl":{"start":{"line":53,"column":70},"end":{"line":53,"column":75}},"loc":{"start":{"line":53,"column":75},"end":{"line":53,"column":85}},"line":53},"6":{"name":"(anonymous_6)","decl":{"start":{"line":54,"column":63},"end":{"line":54,"column":64}},"loc":{"start":{"line":54,"column":80},"end":{"line":63,"column":12}},"line":54},"7":{"name":"(anonymous_7)","decl":{"start":{"line":79,"column":21},"end":{"line":79,"column":22}},"loc":{"start":{"line":79,"column":48},"end":{"line":81,"column":null}},"line":79},"8":{"name":"(anonymous_8)","decl":{"start":{"line":84,"column":22},"end":{"line":84,"column":23}},"loc":{"start":{"line":84,"column":41},"end":{"line":87,"column":null}},"line":84},"9":{"name":"(anonymous_9)","decl":{"start":{"line":113,"column":44},"end":{"line":113,"column":45}},"loc":{"start":{"line":114,"column":10},"end":{"line":122,"column":null}},"line":114},"10":{"name":"(anonymous_10)","decl":{"start":{"line":116,"column":30},"end":{"line":116,"column":40}},"loc":{"start":{"line":116,"column":40},"end":{"line":120,"column":15}},"line":116},"11":{"name":"(anonymous_11)","decl":{"start":{"line":117,"column":56},"end":{"line":117,"column":61}},"loc":{"start":{"line":117,"column":61},"end":{"line":117,"column":85}},"line":117},"12":{"name":"(anonymous_12)","decl":{"start":{"line":129,"column":25},"end":{"line":129,"column":31}},"loc":{"start":{"line":129,"column":31},"end":{"line":129,"column":null}},"line":129},"13":{"name":"(anonymous_13)","decl":{"start":{"line":139,"column":38},"end":{"line":139,"column":44}},"loc":{"start":{"line":139,"column":44},"end":{"line":139,"column":null}},"line":139},"14":{"name":"(anonymous_14)","decl":{"start":{"line":140,"column":37},"end":{"line":140,"column":43}},"loc":{"start":{"line":140,"column":43},"end":{"line":140,"column":null}},"line":140}},"branchMap":{"0":{"loc":{"start":{"line":26,"column":4},"end":{"line":30,"column":null}},"type":"if","locations":[{"start":{"line":26,"column":4},"end":{"line":30,"column":null}},{"start":{"line":28,"column":11},"end":{"line":30,"column":null}}],"line":26},"1":{"loc":{"start":{"line":26,"column":8},"end":{"line":26,"column":29}},"type":"binary-expr","locations":[{"start":{"line":26,"column":8},"end":{"line":26,"column":22}},{"start":{"line":26,"column":22},"end":{"line":26,"column":29}}],"line":26},"2":{"loc":{"start":{"line":36,"column":6},"end":{"line":38,"column":null}},"type":"if","locations":[{"start":{"line":36,"column":6},"end":{"line":38,"column":null}},{"start":{},"end":{}}],"line":36},"3":{"loc":{"start":{"line":42,"column":8},"end":{"line":68,"column":null}},"type":"if","locations":[{"start":{"line":42,"column":8},"end":{"line":68,"column":null}},{"start":{},"end":{}}],"line":42},"4":{"loc":{"start":{"line":42,"column":12},"end":{"line":42,"column":47}},"type":"binary-expr","locations":[{"start":{"line":42,"column":12},"end":{"line":42,"column":32}},{"start":{"line":42,"column":32},"end":{"line":42,"column":47}}],"line":42},"5":{"loc":{"start":{"line":46,"column":23},"end":{"line":46,"column":null}},"type":"binary-expr","locations":[{"start":{"line":46,"column":23},"end":{"line":46,"column":45}},{"start":{"line":46,"column":45},"end":{"line":46,"column":null}}],"line":46},"6":{"loc":{"start":{"line":48,"column":23},"end":{"line":48,"column":null}},"type":"binary-expr","locations":[{"start":{"line":48,"column":23},"end":{"line":48,"column":37}},{"start":{"line":48,"column":37},"end":{"line":48,"column":null}}],"line":48},"7":{"loc":{"start":{"line":65,"column":21},"end":{"line":67,"column":11}},"type":"cond-expr","locations":[{"start":{"line":65,"column":51},"end":{"line":65,"column":70}},{"start":{"line":65,"column":70},"end":{"line":67,"column":11}}],"line":65},"8":{"loc":{"start":{"line":89,"column":2},"end":{"line":91,"column":null}},"type":"if","locations":[{"start":{"line":89,"column":2},"end":{"line":91,"column":null}},{"start":{},"end":{}}],"line":89},"9":{"loc":{"start":{"line":93,"column":2},"end":{"line":95,"column":null}},"type":"if","locations":[{"start":{"line":93,"column":2},"end":{"line":95,"column":null}},{"start":{},"end":{}}],"line":93},"10":{"loc":{"start":{"line":93,"column":6},"end":{"line":93,"column":42}},"type":"binary-expr","locations":[{"start":{"line":93,"column":6},"end":{"line":93,"column":17}},{"start":{"line":93,"column":17},"end":{"line":93,"column":42}}],"line":93},"11":{"loc":{"start":{"line":118,"column":16},"end":{"line":118,"column":null}},"type":"if","locations":[{"start":{"line":118,"column":16},"end":{"line":118,"column":null}},{"start":{},"end":{}}],"line":118},"12":{"loc":{"start":{"line":126,"column":7},"end":{"line":148,"column":null}},"type":"binary-expr","locations":[{"start":{"line":126,"column":7},"end":{"line":126,"column":null}},{"start":{"line":127,"column":8},"end":{"line":148,"column":null}}],"line":126}},"s":{"0":1,"1":1,"2":10,"3":10,"4":10,"5":10,"6":10,"7":10,"8":3,"9":3,"10":3,"11":1,"12":2,"13":10,"14":5,"15":5,"16":3,"17":2,"18":2,"19":2,"20":2,"21":1,"22":2,"23":2,"24":1,"25":2,"26":1,"27":2,"28":0,"29":2,"30":5,"31":10,"32":0,"33":10,"34":1,"35":1,"36":10,"37":5,"38":4,"39":2,"40":2,"41":2,"42":2,"43":2,"44":1,"45":2,"46":1,"47":1,"48":0},"f":{"0":10,"1":3,"2":5,"3":5,"4":1,"5":1,"6":1,"7":0,"8":1,"9":2,"10":2,"11":1,"12":0,"13":0,"14":0},"b":{"0":[1,2],"1":[3,1],"2":[3,2],"3":[2,0],"4":[2,2],"5":[1,1],"6":[1,0],"7":[1,1],"8":[5,5],"9":[2,2],"10":[4,2],"11":[1,1],"12":[2,0]},"meta":{"lastBranch":13,"lastFunction":15,"lastStatement":49,"seen":{"s:13:0:13:Infinity":0,"s:15:12:152:Infinity":1,"f:15:12:15:18":0,"s:16:22:16:Infinity":2,"s:17:44:17:Infinity":3,"s:18:28:18:Infinity":4,"s:19:34:19:Infinity":5,"s:20:28:20:Infinity":6,"s:23:2:31:Infinity":7,"f:23:12:23:18":1,"s:24:23:24:Infinity":8,"s:25:18:25:Infinity":9,"b:26:4:30:Infinity:28:11:30:Infinity":0,"s:26:4:30:Infinity":10,"b:26:8:26:22:26:22:26:29":1,"s:27:6:27:Infinity":11,"s:29:8:29:Infinity":12,"s:34:2:77:Infinity":13,"f:34:12:34:18":2,"s:35:22:74:Infinity":14,"f:35:22:35:34":3,"b:36:6:38:Infinity:undefined:undefined:undefined:undefined":2,"s:36:6:38:Infinity":15,"s:37:10:37:Infinity":16,"s:40:6:73:Infinity":17,"s:41:25:41:Infinity":18,"b:42:8:68:Infinity:undefined:undefined:undefined:undefined":3,"s:42:8:68:Infinity":19,"b:42:12:42:32:42:32:42:47":4,"s:44:50:49:Infinity":20,"f:44:68:44:69":4,"s:44:81:49:12":21,"b:46:23:46:45:46:45:46:Infinity":5,"b:48:23:48:37:48:37:48:Infinity":6,"s:51:10:51:Infinity":22,"s:53:32:53:Infinity":23,"f:53:70:53:75":5,"s:53:75:53:85":24,"s:54:45:63:Infinity":25,"f:54:63:54:64":6,"s:54:80:63:12":26,"s:65:10:67:Infinity":27,"b:65:51:65:70:65:70:67:11":7,"s:70:8:70:Infinity":28,"s:72:8:72:Infinity":29,"s:76:4:76:Infinity":30,"s:79:21:81:Infinity":31,"f:79:21:79:22":7,"s:80:4:80:Infinity":32,"s:84:22:87:Infinity":33,"f:84:22:84:23":8,"s:85:6:85:Infinity":34,"s:86:6:86:Infinity":35,"b:89:2:91:Infinity:undefined:undefined:undefined:undefined":8,"s:89:2:91:Infinity":36,"s:90:6:90:Infinity":37,"b:93:2:95:Infinity:undefined:undefined:undefined:undefined":9,"s:93:2:95:Infinity":38,"b:93:6:93:17:93:17:93:42":10,"s:94:6:94:Infinity":39,"s:98:25:100:Infinity":40,"s:102:2:150:Infinity":41,"f:113:44:113:45":9,"s:114:10:122:Infinity":42,"f:116:30:116:40":10,"s:117:38:117:Infinity":43,"f:117:56:117:61":11,"s:117:61:117:85":44,"b:118:16:118:Infinity:undefined:undefined:undefined:undefined":11,"s:118:16:118:Infinity":45,"s:118:48:118:Infinity":46,"s:119:16:119:Infinity":47,"b:126:7:126:Infinity:127:8:148:Infinity":12,"f:129:25:129:31":12,"s:129:31:129:Infinity":48,"f:139:38:139:44":13,"f:140:37:140:43":14}}}
,"C:\\Users\\REGINALDO\\Desktop\\A.I-KIDS-LABS-NOVA-VERS-0\\frontend\\src\\neon-styles.css": {"path":"C:\\Users\\REGINALDO\\Desktop\\A.I-KIDS-LABS-NOVA-VERS-0\\frontend\\src\\neon-styles.css","statementMap":{},"fnMap":{},"branchMap":{},"s":{},"f":{},"b":{},"meta":{"lastBranch":0,"lastFunction":0,"lastStatement":0,"seen":{}}}
,"C:\\Users\\REGINALDO\\Desktop\\A.I-KIDS-LABS-NOVA-VERS-0\\frontend\\src\\components\\Login.tsx": {"path":"C:\\Users\\REGINALDO\\Desktop\\A.I-KIDS-LABS-NOVA-VERS-0\\frontend\\src\\components\\Login.tsx","statementMap":{"0":{"start":{"line":9,"column":14},"end":{"line":94,"column":null}},"1":{"start":{"line":10,"column":28},"end":{"line":10,"column":null}},"2":{"start":{"line":11,"column":24},"end":{"line":11,"column":null}},"3":{"start":{"line":12,"column":30},"end":{"line":12,"column":null}},"4":{"start":{"line":13,"column":22},"end":{"line":13,"column":null}},"5":{"start":{"line":14,"column":24},"end":{"line":14,"column":null}},"6":{"start":{"line":16,"column":23},"end":{"line":41,"column":null}},"7":{"start":{"line":17,"column":4},"end":{"line":17,"column":null}},"8":{"start":{"line":18,"column":4},"end":{"line":18,"column":null}},"9":{"start":{"line":20,"column":4},"end":{"line":40,"column":null}},"10":{"start":{"line":22,"column":6},"end":{"line":26,"column":null}},"11":{"start":{"line":23,"column":8},"end":{"line":23,"column":null}},"12":{"start":{"line":25,"column":8},"end":{"line":25,"column":null}},"13":{"start":{"line":28,"column":6},"end":{"line":36,"column":null}},"14":{"start":{"line":29,"column":8},"end":{"line":29,"column":null}},"15":{"start":{"line":30,"column":8},"end":{"line":32,"column":null}},"16":{"start":{"line":31,"column":12},"end":{"line":31,"column":null}},"17":{"start":{"line":33,"column":8},"end":{"line":33,"column":null}},"18":{"start":{"line":35,"column":8},"end":{"line":35,"column":null}},"19":{"start":{"line":38,"column":6},"end":{"line":38,"column":null}},"20":{"start":{"line":39,"column":6},"end":{"line":39,"column":null}},"21":{"start":{"line":43,"column":2},"end":{"line":92,"column":null}},"22":{"start":{"line":61,"column":73},"end":{"line":61,"column":null}},"23":{"start":{"line":66,"column":74},"end":{"line":66,"column":null}},"24":{"start":{"line":70,"column":80},"end":{"line":70,"column":null}},"25":{"start":{"line":85,"column":27},"end":{"line":85,"column":null}}},"fnMap":{"0":{"name":"(anonymous_0)","decl":{"start":{"line":9,"column":14},"end":{"line":9,"column":15}},"loc":{"start":{"line":9,"column":43},"end":{"line":94,"column":null}},"line":9},"1":{"name":"(anonymous_1)","decl":{"start":{"line":16,"column":23},"end":{"line":16,"column":30}},"loc":{"start":{"line":16,"column":47},"end":{"line":41,"column":null}},"line":16},"2":{"name":"(anonymous_2)","decl":{"start":{"line":61,"column":68},"end":{"line":61,"column":73}},"loc":{"start":{"line":61,"column":73},"end":{"line":61,"column":null}},"line":61},"3":{"name":"(anonymous_3)","decl":{"start":{"line":66,"column":69},"end":{"line":66,"column":74}},"loc":{"start":{"line":66,"column":74},"end":{"line":66,"column":null}},"line":66},"4":{"name":"(anonymous_4)","decl":{"start":{"line":70,"column":75},"end":{"line":70,"column":80}},"loc":{"start":{"line":70,"column":80},"end":{"line":70,"column":null}},"line":70},"5":{"name":"(anonymous_5)","decl":{"start":{"line":85,"column":21},"end":{"line":85,"column":27}},"loc":{"start":{"line":85,"column":27},"end":{"line":85,"column":null}},"line":85}},"branchMap":{"0":{"loc":{"start":{"line":22,"column":6},"end":{"line":26,"column":null}},"type":"if","locations":[{"start":{"line":22,"column":6},"end":{"line":26,"column":null}},{"start":{"line":24,"column":13},"end":{"line":26,"column":null}}],"line":22},"1":{"loc":{"start":{"line":28,"column":6},"end":{"line":36,"column":null}},"type":"if","locations":[{"start":{"line":28,"column":6},"end":{"line":36,"column":null}},{"start":{"line":34,"column":13},"end":{"line":36,"column":null}}],"line":28},"2":{"loc":{"start":{"line":28,"column":10},"end":{"line":28,"column":38}},"type":"binary-expr","locations":[{"start":{"line":28,"column":10},"end":{"line":28,"column":26}},{"start":{"line":28,"column":26},"end":{"line":28,"column":38}}],"line":28},"3":{"loc":{"start":{"line":30,"column":8},"end":{"line":32,"column":null}},"type":"if","locations":[{"start":{"line":30,"column":8},"end":{"line":32,"column":null}},{"start":{},"end":{}}],"line":30},"4":{"loc":{"start":{"line":33,"column":16},"end":{"line":33,"column":52}},"type":"binary-expr","locations":[{"start":{"line":33,"column":16},"end":{"line":33,"column":29}},{"start":{"line":33,"column":29},"end":{"line":33,"column":52}}],"line":33},"5":{"loc":{"start":{"line":35,"column":17},"end":{"line":35,"column":65}},"type":"binary-expr","locations":[{"start":{"line":35,"column":17},"end":{"line":35,"column":29}},{"start":{"line":35,"column":29},"end":{"line":35,"column":43}},{"start":{"line":35,"column":43},"end":{"line":35,"column":65}}],"line":35},"6":{"loc":{"start":{"line":54,"column":69},"end":{"line":54,"column":102}},"type":"cond-expr","locations":[{"start":{"line":54,"column":79},"end":{"line":54,"column":90}},{"start":{"line":54,"column":90},"end":{"line":54,"column":102}}],"line":54},"7":{"loc":{"start":{"line":56,"column":9},"end":{"line":56,"column":null}},"type":"binary-expr","locations":[{"start":{"line":56,"column":9},"end":{"line":56,"column":18}},{"start":{"line":56,"column":18},"end":{"line":56,"column":null}}],"line":56},"8":{"loc":{"start":{"line":59,"column":11},"end":{"line":63,"column":null}},"type":"binary-expr","locations":[{"start":{"line":59,"column":11},"end":{"line":59,"column":null}},{"start":{"line":60,"column":12},"end":{"line":63,"column":null}}],"line":59},"9":{"loc":{"start":{"line":78,"column":13},"end":{"line":78,"column":null}},"type":"cond-expr","locations":[{"start":{"line":78,"column":23},"end":{"line":78,"column":35}},{"start":{"line":78,"column":35},"end":{"line":78,"column":null}}],"line":78},"10":{"loc":{"start":{"line":83,"column":11},"end":{"line":83,"column":null}},"type":"cond-expr","locations":[{"start":{"line":83,"column":21},"end":{"line":83,"column":40}},{"start":{"line":83,"column":40},"end":{"line":83,"column":null}}],"line":83},"11":{"loc":{"start":{"line":88,"column":13},"end":{"line":88,"column":null}},"type":"cond-expr","locations":[{"start":{"line":88,"column":23},"end":{"line":88,"column":39}},{"start":{"line":88,"column":39},"end":{"line":88,"column":null}}],"line":88}},"s":{"0":1,"1":23,"2":23,"3":23,"4":23,"5":23,"6":23,"7":4,"8":4,"9":4,"10":4,"11":3,"12":1,"13":3,"14":2,"15":2,"16":2,"17":2,"18":1,"19":1,"20":1,"21":23,"22":1,"23":4,"24":4,"25":2},"f":{"0":23,"1":4,"2":1,"3":4,"4":4,"5":2},"b":{"0":[3,1],"1":[2,1],"2":[3,1],"3":[2,0],"4":[2,0],"5":[1,0,0],"6":[17,6],"7":[23,2],"8":[23,6],"9":[17,6],"10":[17,6],"11":[17,6]},"meta":{"lastBranch":12,"lastFunction":6,"lastStatement":26,"seen":{"s:9:14:94:Infinity":0,"f:9:14:9:15":0,"s:10:28:10:Infinity":1,"s:11:24:11:Infinity":2,"s:12:30:12:Infinity":3,"s:13:22:13:Infinity":4,"s:14:24:14:Infinity":5,"s:16:23:41:Infinity":6,"f:16:23:16:30":1,"s:17:4:17:Infinity":7,"s:18:4:18:Infinity":8,"s:20:4:40:Infinity":9,"b:22:6:26:Infinity:24:13:26:Infinity":0,"s:22:6:26:Infinity":10,"s:23:8:23:Infinity":11,"s:25:8:25:Infinity":12,"b:28:6:36:Infinity:34:13:36:Infinity":1,"s:28:6:36:Infinity":13,"b:28:10:28:26:28:26:28:38":2,"s:29:8:29:Infinity":14,"b:30:8:32:Infinity:undefined:undefined:undefined:undefined":3,"s:30:8:32:Infinity":15,"s:31:12:31:Infinity":16,"s:33:8:33:Infinity":17,"b:33:16:33:29:33:29:33:52":4,"s:35:8:35:Infinity":18,"b:35:17:35:29:35:29:35:43:35:43:35:65":5,"s:38:6:38:Infinity":19,"s:39:6:39:Infinity":20,"s:43:2:92:Infinity":21,"b:54:79:54:90:54:90:54:102":6,"b:56:9:56:18:56:18:56:Infinity":7,"b:59:11:59:Infinity:60:12:63:Infinity":8,"f:61:68:61:73":2,"s:61:73:61:Infinity":22,"f:66:69:66:74":3,"s:66:74:66:Infinity":23,"f:70:75:70:80":4,"s:70:80:70:Infinity":24,"b:78:23:78:35:78:35:78:Infinity":9,"b:83:21:83:40:83:40:83:Infinity":10,"f:85:21:85:27":5,"s:85:27:85:Infinity":25,"b:88:23:88:39:88:39:88:Infinity":11}}}
,"C:\\Users\\REGINALDO\\Desktop\\A.I-KIDS-LABS-NOVA-VERS-0\\frontend\\src\\components\\Module.tsx": {"path":"C:\\Users\\REGINALDO\\Desktop\\A.I-KIDS-LABS-NOVA-VERS-0\\frontend\\src\\components\\Module.tsx","statementMap":{"0":{"start":{"line":31,"column":38},"end":{"line":182,"column":null}},"1":{"start":{"line":32,"column":40},"end":{"line":32,"column":null}},"2":{"start":{"line":33,"column":38},"end":{"line":33,"column":null}},"3":{"start":{"line":34,"column":36},"end":{"line":34,"column":null}},"4":{"start":{"line":35,"column":36},"end":{"line":35,"column":null}},"5":{"start":{"line":37,"column":2},"end":{"line":47,"column":null}},"6":{"start":{"line":39,"column":4},"end":{"line":39,"column":null}},"7":{"start":{"line":39,"column":43},"end":{"line":39,"column":null}},"8":{"start":{"line":40,"column":4},"end":{"line":40,"column":null}},"9":{"start":{"line":40,"column":46},"end":{"line":40,"column":null}},"10":{"start":{"line":41,"column":4},"end":{"line":41,"column":null}},"11":{"start":{"line":41,"column":44},"end":{"line":41,"column":null}},"12":{"start":{"line":43,"column":4},"end":{"line":45,"column":null}},"13":{"start":{"line":44,"column":6},"end":{"line":44,"column":null}},"14":{"start":{"line":49,"column":30},"end":{"line":55,"column":null}},"15":{"start":{"line":50,"column":4},"end":{"line":50,"column":null}},"16":{"start":{"line":54,"column":4},"end":{"line":54,"column":null}},"17":{"start":{"line":57,"column":30},"end":{"line":64,"column":null}},"18":{"start":{"line":58,"column":4},"end":{"line":58,"column":null}},"19":{"start":{"line":59,"column":4},"end":{"line":59,"column":null}},"20":{"start":{"line":63,"column":4},"end":{"line":63,"column":null}},"21":{"start":{"line":66,"column":27},"end":{"line":79,"column":null}},"22":{"start":{"line":68,"column":25},"end":{"line":68,"column":null}},"23":{"start":{"line":69,"column":4},"end":{"line":71,"column":null}},"24":{"start":{"line":69,"column":21},"end":{"line":69,"column":null}},"25":{"start":{"line":69,"column":38},"end":{"line":71,"column":null}},"26":{"start":{"line":70,"column":26},"end":{"line":70,"column":null}},"27":{"start":{"line":70,"column":43},"end":{"line":71,"column":null}},"28":{"start":{"line":71,"column":26},"end":{"line":71,"column":null}},"29":{"start":{"line":73,"column":4},"end":{"line":73,"column":null}},"30":{"start":{"line":77,"column":4},"end":{"line":77,"column":null}},"31":{"start":{"line":78,"column":4},"end":{"line":78,"column":null}},"32":{"start":{"line":81,"column":26},"end":{"line":83,"column":null}},"33":{"start":{"line":82,"column":4},"end":{"line":82,"column":null}},"34":{"start":{"line":85,"column":27},"end":{"line":87,"column":null}},"35":{"start":{"line":86,"column":4},"end":{"line":86,"column":null}},"36":{"start":{"line":89,"column":25},"end":{"line":91,"column":null}},"37":{"start":{"line":90,"column":4},"end":{"line":90,"column":null}},"38":{"start":{"line":93,"column":2},"end":{"line":180,"column":null}}},"fnMap":{"0":{"name":"(anonymous_0)","decl":{"start":{"line":31,"column":38},"end":{"line":31,"column":39}},"loc":{"start":{"line":31,"column":72},"end":{"line":182,"column":null}},"line":31},"1":{"name":"(anonymous_1)","decl":{"start":{"line":37,"column":12},"end":{"line":37,"column":18}},"loc":{"start":{"line":37,"column":18},"end":{"line":47,"column":5}},"line":37},"2":{"name":"(anonymous_2)","decl":{"start":{"line":49,"column":30},"end":{"line":49,"column":37}},"loc":{"start":{"line":49,"column":58},"end":{"line":55,"column":null}},"line":49},"3":{"name":"(anonymous_3)","decl":{"start":{"line":57,"column":30},"end":{"line":57,"column":42}},"loc":{"start":{"line":57,"column":42},"end":{"line":64,"column":null}},"line":57},"4":{"name":"(anonymous_4)","decl":{"start":{"line":66,"column":27},"end":{"line":66,"column":34}},"loc":{"start":{"line":66,"column":72},"end":{"line":79,"column":null}},"line":66},"5":{"name":"(anonymous_5)","decl":{"start":{"line":81,"column":26},"end":{"line":81,"column":32}},"loc":{"start":{"line":81,"column":32},"end":{"line":83,"column":null}},"line":81},"6":{"name":"(anonymous_6)","decl":{"start":{"line":85,"column":27},"end":{"line":85,"column":33}},"loc":{"start":{"line":85,"column":33},"end":{"line":87,"column":null}},"line":85},"7":{"name":"(anonymous_7)","decl":{"start":{"line":89,"column":25},"end":{"line":89,"column":31}},"loc":{"start":{"line":89,"column":31},"end":{"line":91,"column":null}},"line":89}},"branchMap":{"0":{"loc":{"start":{"line":39,"column":4},"end":{"line":39,"column":null}},"type":"if","locations":[{"start":{"line":39,"column":4},"end":{"line":39,"column":null}},{"start":{},"end":{}}],"line":39},"1":{"loc":{"start":{"line":40,"column":4},"end":{"line":40,"column":null}},"type":"if","locations":[{"start":{"line":40,"column":4},"end":{"line":40,"column":null}},{"start":{},"end":{}}],"line":40},"2":{"loc":{"start":{"line":41,"column":4},"end":{"line":41,"column":null}},"type":"if","locations":[{"start":{"line":41,"column":4},"end":{"line":41,"column":null}},{"start":{},"end":{}}],"line":41},"3":{"loc":{"start":{"line":43,"column":4},"end":{"line":45,"column":null}},"type":"if","locations":[{"start":{"line":43,"column":4},"end":{"line":45,"column":null}},{"start":{},"end":{}}],"line":43},"4":{"loc":{"start":{"line":69,"column":4},"end":{"line":71,"column":null}},"type":"if","locations":[{"start":{"line":69,"column":4},"end":{"line":71,"column":null}},{"start":{"line":69,"column":38},"end":{"line":71,"column":null}}],"line":69},"5":{"loc":{"start":{"line":69,"column":38},"end":{"line":71,"column":null}},"type":"if","locations":[{"start":{"line":69,"column":38},"end":{"line":71,"column":null}},{"start":{"line":70,"column":43},"end":{"line":71,"column":null}}],"line":69},"6":{"loc":{"start":{"line":70,"column":43},"end":{"line":71,"column":null}},"type":"if","locations":[{"start":{"line":70,"column":43},"end":{"line":71,"column":null}},{"start":{},"end":{}}],"line":70},"7":{"loc":{"start":{"line":105,"column":9},"end":{"line":134,"column":null}},"type":"binary-expr","locations":[{"start":{"line":105,"column":9},"end":{"line":105,"column":null}},{"start":{"line":106,"column":10},"end":{"line":134,"column":null}}],"line":105},"8":{"loc":{"start":{"line":117,"column":15},"end":{"line":131,"column":null}},"type":"cond-expr","locations":[{"start":{"line":118,"column":16},"end":{"line":120,"column":null}},{"start":{"line":122,"column":16},"end":{"line":131,"column":null}}],"line":117},"9":{"loc":{"start":{"line":137,"column":9},"end":{"line":146,"column":null}},"type":"binary-expr","locations":[{"start":{"line":137,"column":9},"end":{"line":137,"column":null}},{"start":{"line":138,"column":10},"end":{"line":146,"column":null}}],"line":137},"10":{"loc":{"start":{"line":149,"column":9},"end":{"line":177,"column":null}},"type":"binary-expr","locations":[{"start":{"line":149,"column":9},"end":{"line":149,"column":null}},{"start":{"line":150,"column":10},"end":{"line":177,"column":null}}],"line":149},"11":{"loc":{"start":{"line":166,"column":41},"end":{"line":166,"column":90}},"type":"cond-expr","locations":[{"start":{"line":166,"column":56},"end":{"line":166,"column":72}},{"start":{"line":166,"column":72},"end":{"line":166,"column":90}}],"line":166},"12":{"loc":{"start":{"line":170,"column":41},"end":{"line":170,"column":107}},"type":"cond-expr","locations":[{"start":{"line":170,"column":59},"end":{"line":170,"column":89}},{"start":{"line":170,"column":89},"end":{"line":170,"column":107}}],"line":170}},"s":{"0":1,"1":20,"2":20,"3":20,"4":20,"5":20,"6":8,"7":0,"8":8,"9":0,"10":8,"11":0,"12":8,"13":2,"14":20,"15":0,"16":0,"17":20,"18":1,"19":1,"20":1,"21":20,"22":3,"23":3,"24":1,"25":2,"26":1,"27":1,"28":1,"29":3,"30":3,"31":3,"32":20,"33":4,"34":20,"35":1,"36":20,"37":1,"38":20},"f":{"0":20,"1":8,"2":0,"3":1,"4":3,"5":4,"6":1,"7":1},"b":{"0":[0,8],"1":[0,8],"2":[0,8],"3":[2,6],"4":[1,2],"5":[1,1],"6":[1,0],"7":[20,10],"8":[6,4],"9":[20,4],"10":[20,6],"11":[3,3],"12":[3,3]},"meta":{"lastBranch":13,"lastFunction":8,"lastStatement":39,"seen":{"s:31:38:182:Infinity":0,"f:31:38:31:39":0,"s:32:40:32:Infinity":1,"s:33:38:33:Infinity":2,"s:34:36:34:Infinity":3,"s:35:36:35:Infinity":4,"s:37:2:47:Infinity":5,"f:37:12:37:18":1,"b:39:4:39:Infinity:undefined:undefined:undefined:undefined":0,"s:39:4:39:Infinity":6,"s:39:43:39:Infinity":7,"b:40:4:40:Infinity:undefined:undefined:undefined:undefined":1,"s:40:4:40:Infinity":8,"s:40:46:40:Infinity":9,"b:41:4:41:Infinity:undefined:undefined:undefined:undefined":2,"s:41:4:41:Infinity":10,"s:41:44:41:Infinity":11,"b:43:4:45:Infinity:undefined:undefined:undefined:undefined":3,"s:43:4:45:Infinity":12,"s:44:6:44:Infinity":13,"s:49:30:55:Infinity":14,"f:49:30:49:37":2,"s:50:4:50:Infinity":15,"s:54:4:54:Infinity":16,"s:57:30:64:Infinity":17,"f:57:30:57:42":3,"s:58:4:58:Infinity":18,"s:59:4:59:Infinity":19,"s:63:4:63:Infinity":20,"s:66:27:79:Infinity":21,"f:66:27:66:34":4,"s:68:25:68:Infinity":22,"b:69:4:71:Infinity:69:38:71:Infinity":4,"s:69:4:71:Infinity":23,"s:69:21:69:Infinity":24,"b:69:38:71:Infinity:70:43:71:Infinity":5,"s:69:38:71:Infinity":25,"s:70:26:70:Infinity":26,"b:70:43:71:Infinity:undefined:undefined:undefined:undefined":6,"s:70:43:71:Infinity":27,"s:71:26:71:Infinity":28,"s:73:4:73:Infinity":29,"s:77:4:77:Infinity":30,"s:78:4:78:Infinity":31,"s:81:26:83:Infinity":32,"f:81:26:81:32":5,"s:82:4:82:Infinity":33,"s:85:27:87:Infinity":34,"f:85:27:85:33":6,"s:86:4:86:Infinity":35,"s:89:25:91:Infinity":36,"f:89:25:89:31":7,"s:90:4:90:Infinity":37,"s:93:2:180:Infinity":38,"b:105:9:105:Infinity:106:10:134:Infinity":7,"b:118:16:120:Infinity:122:16:131:Infinity":8,"b:137:9:137:Infinity:138:10:146:Infinity":9,"b:149:9:149:Infinity:150:10:177:Infinity":10,"b:166:56:166:72:166:72:166:90":11,"b:170:59:170:89:170:89:170:107":12}}}
,"C:\\Users\\REGINALDO\\Desktop\\A.I-KIDS-LABS-NOVA-VERS-0\\frontend\\src\\components\\ParentDashboard.tsx": {"path":"C:\\Users\\REGINALDO\\Desktop\\A.I-KIDS-LABS-NOVA-VERS-0\\frontend\\src\\components\\ParentDashboard.tsx","statementMap":{"0":{"start":{"line":18,"column":56},"end":{"line":236,"column":null}},"1":{"start":{"line":19,"column":30},"end":{"line":19,"column":null}},"2":{"start":{"line":20,"column":40},"end":{"line":20,"column":null}},"3":{"start":{"line":21,"column":28},"end":{"line":21,"column":null}},"4":{"start":{"line":22,"column":52},"end":{"line":27,"column":null}},"5":{"start":{"line":30,"column":2},"end":{"line":59,"column":null}},"6":{"start":{"line":32,"column":4},"end":{"line":58,"column":null}},"7":{"start":{"line":33,"column":44},"end":{"line":54,"column":null}},"8":{"start":{"line":55,"column":6},"end":{"line":55,"column":null}},"9":{"start":{"line":56,"column":6},"end":{"line":56,"column":null}},"10":{"start":{"line":57,"column":6},"end":{"line":57,"column":null}},"11":{"start":{"line":61,"column":33},"end":{"line":64,"column":null}},"12":{"start":{"line":63,"column":4},"end":{"line":63,"column":null}},"13":{"start":{"line":66,"column":31},"end":{"line":69,"column":null}},"14":{"start":{"line":68,"column":4},"end":{"line":68,"column":null}},"15":{"start":{"line":71,"column":2},"end":{"line":80,"column":null}},"16":{"start":{"line":72,"column":4},"end":{"line":78,"column":null}},"17":{"start":{"line":82,"column":28},"end":{"line":82,"column":null}},"18":{"start":{"line":82,"column":51},"end":{"line":82,"column":77}},"19":{"start":{"line":84,"column":2},"end":{"line":234,"column":null}},"20":{"start":{"line":93,"column":14},"end":{"line":99,"column":null}},"21":{"start":{"line":96,"column":31},"end":{"line":96,"column":null}},"22":{"start":{"line":130,"column":39},"end":{"line":130,"column":null}},"23":{"start":{"line":131,"column":20},"end":{"line":141,"column":null}},"24":{"start":{"line":157,"column":31},"end":{"line":160,"column":null}},"25":{"start":{"line":169,"column":31},"end":{"line":172,"column":null}},"26":{"start":{"line":187,"column":33},"end":{"line":193,"column":null}},"27":{"start":{"line":200,"column":33},"end":{"line":206,"column":null}},"28":{"start":{"line":217,"column":31},"end":{"line":220,"column":null}}},"fnMap":{"0":{"name":"(anonymous_0)","decl":{"start":{"line":18,"column":56},"end":{"line":18,"column":62}},"loc":{"start":{"line":18,"column":62},"end":{"line":236,"column":null}},"line":18},"1":{"name":"(anonymous_1)","decl":{"start":{"line":30,"column":12},"end":{"line":30,"column":18}},"loc":{"start":{"line":30,"column":18},"end":{"line":59,"column":5}},"line":30},"2":{"name":"(anonymous_2)","decl":{"start":{"line":32,"column":15},"end":{"line":32,"column":21}},"loc":{"start":{"line":32,"column":21},"end":{"line":58,"column":7}},"line":32},"3":{"name":"(anonymous_3)","decl":{"start":{"line":61,"column":33},"end":{"line":61,"column":39}},"loc":{"start":{"line":61,"column":39},"end":{"line":64,"column":null}},"line":61},"4":{"name":"(anonymous_4)","decl":{"start":{"line":66,"column":31},"end":{"line":66,"column":37}},"loc":{"start":{"line":66,"column":37},"end":{"line":69,"column":null}},"line":66},"5":{"name":"(anonymous_5)","decl":{"start":{"line":82,"column":42},"end":{"line":82,"column":51}},"loc":{"start":{"line":82,"column":51},"end":{"line":82,"column":77}},"line":82},"6":{"name":"(anonymous_6)","decl":{"start":{"line":92,"column":26},"end":{"line":92,"column":null}},"loc":{"start":{"line":93,"column":14},"end":{"line":99,"column":null}},"line":93},"7":{"name":"(anonymous_7)","decl":{"start":{"line":96,"column":25},"end":{"line":96,"column":31}},"loc":{"start":{"line":96,"column":31},"end":{"line":96,"column":null}},"line":96},"8":{"name":"(anonymous_8)","decl":{"start":{"line":128,"column":37},"end":{"line":128,"column":46}},"loc":{"start":{"line":128,"column":46},"end":{"line":142,"column":18}},"line":128},"9":{"name":"(anonymous_9)","decl":{"start":{"line":157,"column":24},"end":{"line":157,"column":25}},"loc":{"start":{"line":157,"column":31},"end":{"line":160,"column":null}},"line":157},"10":{"name":"(anonymous_10)","decl":{"start":{"line":169,"column":24},"end":{"line":169,"column":25}},"loc":{"start":{"line":169,"column":31},"end":{"line":172,"column":null}},"line":169},"11":{"name":"(anonymous_11)","decl":{"start":{"line":187,"column":26},"end":{"line":187,"column":27}},"loc":{"start":{"line":187,"column":33},"end":{"line":193,"column":null}},"line":187},"12":{"name":"(anonymous_12)","decl":{"start":{"line":200,"column":26},"end":{"line":200,"column":27}},"loc":{"start":{"line":200,"column":33},"end":{"line":206,"column":null}},"line":200},"13":{"name":"(anonymous_13)","decl":{"start":{"line":217,"column":24},"end":{"line":217,"column":25}},"loc":{"start":{"line":217,"column":31},"end":{"line":220,"column":null}},"line":217}},"branchMap":{"0":{"loc":{"start":{"line":71,"column":2},"end":{"line":80,"column":null}},"type":"if","locations":[{"start":{"line":71,"column":2},"end":{"line":80,"column":null}},{"start":{},"end":{}}],"line":71},"1":{"loc":{"start":{"line":95,"column":40},"end":{"line":95,"column":82}},"type":"cond-expr","locations":[{"start":{"line":95,"column":69},"end":{"line":95,"column":80}},{"start":{"line":95,"column":80},"end":{"line":95,"column":82}}],"line":95},"2":{"loc":{"start":{"line":104,"column":9},"end":{"line":145,"column":null}},"type":"binary-expr","locations":[{"start":{"line":104,"column":9},"end":{"line":104,"column":null}},{"start":{"line":105,"column":10},"end":{"line":145,"column":null}}],"line":104},"3":{"loc":{"start":{"line":159,"column":30},"end":{"line":159,"column":null}},"type":"binary-expr","locations":[{"start":{"line":159,"column":30},"end":{"line":159,"column":58}},{"start":{"line":159,"column":58},"end":{"line":159,"column":null}}],"line":159}},"s":{"0":1,"1":9,"2":9,"3":9,"4":9,"5":9,"6":2,"7":2,"8":2,"9":2,"10":2,"11":9,"12":1,"13":9,"14":1,"15":9,"16":2,"17":7,"18":13,"19":7,"20":14,"21":1,"22":35,"23":35,"24":1,"25":1,"26":1,"27":1,"28":1},"f":{"0":9,"1":2,"2":2,"3":1,"4":1,"5":13,"6":14,"7":1,"8":35,"9":1,"10":1,"11":1,"12":1,"13":1},"b":{"0":[2,7],"1":[7,7],"2":[7,7],"3":[1,0]},"meta":{"lastBranch":4,"lastFunction":14,"lastStatement":29,"seen":{"s:18:56:236:Infinity":0,"f:18:56:18:62":0,"s:19:30:19:Infinity":1,"s:20:40:20:Infinity":2,"s:21:28:21:Infinity":3,"s:22:52:27:Infinity":4,"s:30:2:59:Infinity":5,"f:30:12:30:18":1,"s:32:4:58:Infinity":6,"f:32:15:32:21":2,"s:33:44:54:Infinity":7,"s:55:6:55:Infinity":8,"s:56:6:56:Infinity":9,"s:57:6:57:Infinity":10,"s:61:33:64:Infinity":11,"f:61:33:61:39":3,"s:63:4:63:Infinity":12,"s:66:31:69:Infinity":13,"f:66:31:66:37":4,"s:68:4:68:Infinity":14,"b:71:2:80:Infinity:undefined:undefined:undefined:undefined":0,"s:71:2:80:Infinity":15,"s:72:4:78:Infinity":16,"s:82:28:82:Infinity":17,"f:82:42:82:51":5,"s:82:51:82:77":18,"s:84:2:234:Infinity":19,"f:92:26:92:Infinity":6,"s:93:14:99:Infinity":20,"b:95:69:95:80:95:80:95:82":1,"f:96:25:96:31":7,"s:96:31:96:Infinity":21,"b:104:9:104:Infinity:105:10:145:Infinity":2,"f:128:37:128:46":8,"s:130:39:130:Infinity":22,"s:131:20:141:Infinity":23,"f:157:24:157:25":9,"s:157:31:160:Infinity":24,"b:159:30:159:58:159:58:159:Infinity":3,"f:169:24:169:25":10,"s:169:31:172:Infinity":25,"f:187:26:187:27":11,"s:187:33:193:Infinity":26,"f:200:26:200:27":12,"s:200:33:206:Infinity":27,"f:217:24:217:25":13,"s:217:31:220:Infinity":28}}}
}
